<?xml version="1.0" encoding="UTF-8"?>
<!-- Generated by org.testng.reporters.JUnitXMLReporter -->
<testsuite hostname="DESKTOP-JQQ65CE" ignored="0" name="ChromeTest" tests="3" failures="1" timestamp="2021-06-29T16:41:24 IST" time="25.97" errors="0">
  <testcase name="ToVerifyReportBtn" time="2.071" classname="testclass.TestClass1">
    <failure type="java.lang.AssertionError" message="expected [http://localhost//reports.do] but found [http://localhost/reports/reports.do]">
      <![CDATA[java.lang.AssertionError: expected [http://localhost//reports.do] but found [http://localhost/reports/reports.do]
at testclass.TestClass1.ToVerifyReportBtn(TestClass1.java:95)
at java.util.ArrayList.forEach(Unknown Source)
... Removed 33 stack frames]]>
    </failure>
  </testcase> <!-- ToVerifyReportBtn -->
  <testcase name="ToVerifyWorkSchdlBtn" time="2.939" classname="testclass.TestClass1"/>
  <testcase name="ToVerifyTaskBtn" time="1.108" classname="testclass.TestClass1"/>
</testsuite> <!-- ChromeTest -->
